<?xml version="1.0" encoding="UTF-8"?>
<!-- Generated by org.testng.reporters.JUnitXMLReporter -->
<testsuite ignored="0" hostname="DESKTOP-NBBMQN5" failures="1" tests="1" name="Default test(failed)" time="10.652" errors="0" timestamp="2023-01-20T23:20:50 IST">
  <testcase classname="Sel1.Repo" name="reports" time="10.466">
    <failure type="java.lang.AssertionError" message="expected [Electronics,Cars,Fashion,Collectibles &amp;amp; More | eBay] but found [Electronics, Cars, Fashion, Collectibles &amp;amp; More | eBay]">
      <![CDATA[java.lang.AssertionError: expected [Electronics,Cars,Fashion,Collectibles & More | eBay] but found [Electronics, Cars, Fashion, Collectibles & More | eBay]
at Sel1.Repo.reports(Repo.java:45)
at java.base/java.util.ArrayList.forEach(ArrayList.java:1511)
... Removed 33 stack frames]]>
    </failure>
  </testcase> <!-- reports -->
</testsuite> <!-- Default test(failed) -->
